10:05:21,INFO,Main page is succeed to request
10:05:22,INFO,Succeded to find the element book appointment button
10:05:25,INFO,Succeded to click book appointment button
10:05:25,INFO,Looking for the element: accept terms checkbox
10:05:26,INFO,Succeded to find the element accept terms checkbox
10:05:26,INFO,Succeded to click accept terms checkbox
10:05:26,INFO,Succeded to find the element accept terms button
10:05:26,INFO,Succeded to click accept terms button
10:05:26,INFO,Looking for the element: Citizenship
10:05:27,INFO,Looking for the element: Citizenship
10:05:28,INFO,Looking for the element: Citizenship
10:05:29,INFO,Looking for the element: Citizenship
10:05:30,INFO,Looking for the element: Citizenship
10:05:31,INFO,Succeded to find the element Citizenship
10:05:32,INFO,Succeded to select value: 163
10:05:32,INFO,Succeded to find the element Applications Count
10:05:32,INFO,Succeded to select value: 1
10:05:32,INFO,Succeded to find the element Family member
10:05:32,INFO,Succeded to select value: 2
10:05:32,INFO,Looking for the element: set visa group
10:05:33,INFO,Succeded to find the element set visa group
10:05:33,INFO,Succeded to click set visa group
10:05:33,INFO,Looking for the element: set visa type
10:05:34,INFO,Succeded to find the element set visa type
10:05:34,INFO,Succeded to click set visa type
10:05:34,INFO,Looking for the element: qualifiedSkilled
10:05:35,INFO,Succeded to find the element qualifiedSkilled
10:05:35,INFO,Succeded to click qualifiedSkilled
10:05:35,INFO,Succeded to find the element next button
10:05:35,INFO,waiting for the element:next button to be enabled
10:05:36,INFO,waiting for the element:next button to be enabled
10:05:37,INFO,waiting for the element:next button to be enabled
10:05:38,INFO,waiting for the element:next button to be enabled
10:05:39,INFO,Succeded to click next button
10:05:39,INFO,Page is loading
10:05:40,INFO,Page is loading
10:05:41,INFO,Page is loading
10:05:42,INFO,Page is loading
10:05:43,INFO,Page is loading
10:05:44,INFO,Page is loading
10:05:45,INFO,Page is loading
10:05:46,INFO,Page is loading
10:05:47,INFO,Page is loading
10:05:49,INFO,Page is loading
10:05:50,INFO,No appointment, starting to process again in 10 seconds ...
10:05:54,INFO,Main page is succeed to request
10:05:55,INFO,Succeded to find the element book appointment button
10:05:59,INFO,Succeded to click book appointment button
10:05:59,INFO,Looking for the element: accept terms checkbox
10:06:00,INFO,Succeded to find the element accept terms checkbox
10:06:00,INFO,Succeded to click accept terms checkbox
10:06:00,INFO,Succeded to find the element accept terms button
10:06:00,INFO,Succeded to click accept terms button
10:06:00,INFO,Looking for the element: Citizenship
10:06:01,INFO,Looking for the element: Citizenship
10:06:02,INFO,Looking for the element: Citizenship
10:06:03,INFO,Looking for the element: Citizenship
10:06:04,INFO,Looking for the element: Citizenship
10:06:05,INFO,Succeded to find the element Citizenship
10:06:05,INFO,Succeded to select value: 163
10:06:05,INFO,Succeded to find the element Applications Count
10:06:05,INFO,Succeded to select value: 1
10:06:05,INFO,Succeded to find the element Family member
10:06:05,INFO,Succeded to select value: 2
10:06:05,INFO,Looking for the element: set visa group
10:06:06,INFO,Succeded to find the element set visa group
10:06:06,INFO,Succeded to click set visa group
10:06:06,INFO,Looking for the element: set visa type
10:06:07,INFO,Succeded to find the element set visa type
10:06:07,INFO,Succeded to click set visa type
10:06:07,INFO,Looking for the element: qualifiedSkilled
10:06:08,INFO,Succeded to find the element qualifiedSkilled
10:06:08,INFO,Succeded to click qualifiedSkilled
10:06:08,INFO,Succeded to find the element next button
10:06:09,INFO,waiting for the element:next button to be enabled
10:06:10,INFO,waiting for the element:next button to be enabled
10:06:11,INFO,waiting for the element:next button to be enabled
10:06:12,INFO,waiting for the element:next button to be enabled
10:06:13,INFO,waiting for the element:next button to be enabled
10:06:14,INFO,Succeded to click next button
10:06:14,INFO,Page is loading
10:06:15,INFO,Page is loading
10:06:16,INFO,Page is loading
10:06:17,INFO,Page is loading
10:06:18,INFO,Page is loading
10:06:19,INFO,Page is loading
10:06:20,INFO,Page is loading
10:06:21,INFO,Page is loading
10:06:22,INFO,Page is loading
10:06:23,INFO,No appointment, starting to process again in 10 seconds ...
10:06:27,INFO,Main page is succeed to request
10:06:28,INFO,Succeded to find the element book appointment button
10:06:31,INFO,Succeded to click book appointment button
10:06:31,INFO,Looking for the element: accept terms checkbox
10:06:32,INFO,Succeded to find the element accept terms checkbox
10:06:32,INFO,Succeded to click accept terms checkbox
10:06:32,INFO,Succeded to find the element accept terms button
10:06:32,INFO,Succeded to click accept terms button
10:06:33,INFO,Looking for the element: Citizenship
10:06:34,INFO,Looking for the element: Citizenship
10:06:35,INFO,Looking for the element: Citizenship
10:06:36,INFO,Looking for the element: Citizenship
10:06:37,INFO,Succeded to find the element Citizenship
10:06:37,INFO,Succeded to select value: 163
10:06:37,INFO,Succeded to find the element Applications Count
10:06:37,INFO,Succeded to select value: 1
10:06:37,INFO,Succeded to find the element Family member
10:06:37,INFO,Succeded to select value: 2
10:06:37,INFO,Looking for the element: set visa group
10:06:38,INFO,Succeded to find the element set visa group
10:06:38,INFO,Succeded to click set visa group
10:06:38,INFO,Looking for the element: set visa type
10:06:40,INFO,Succeded to find the element set visa type
10:06:40,INFO,Succeded to click set visa type
10:06:40,INFO,Looking for the element: qualifiedSkilled
10:06:41,INFO,Succeded to find the element qualifiedSkilled
10:06:41,INFO,Succeded to click qualifiedSkilled
10:06:41,INFO,Succeded to find the element next button
10:06:41,INFO,waiting for the element:next button to be enabled
10:06:42,INFO,waiting for the element:next button to be enabled
10:06:43,INFO,waiting for the element:next button to be enabled
10:06:44,INFO,waiting for the element:next button to be enabled
10:06:45,INFO,Succeded to click next button
10:06:45,INFO,Page is loading
10:06:46,INFO,Page is loading
10:06:47,INFO,Page is loading
10:06:48,INFO,Page is loading
10:06:49,INFO,Page is loading
10:06:50,INFO,Page is loading
10:06:51,INFO,Page is loading
10:06:52,INFO,Page is loading
10:06:53,INFO,Page is loading
10:06:54,INFO,Page is loading
10:06:55,INFO,Page is loading
10:06:56,INFO,Page is loading
10:06:57,INFO,Page is loading
10:06:58,INFO,Page is loading
10:06:59,INFO,Page is loading
10:07:00,INFO,Page is loading
10:07:01,INFO,Page is loading
10:07:02,INFO,Page is loading
10:07:03,INFO,Page is loading
10:07:04,INFO,Page is loading
10:07:05,INFO,Page is loading
10:07:06,INFO,Page is loading
10:07:07,INFO,Page is loading
10:07:08,INFO,Page is loading
10:07:09,INFO,Page is loading
10:07:10,INFO,Page is loading
10:07:11,INFO,Page is loading
10:07:11,INFO,Failed to load the page withim limit
10:07:13,INFO,Main page is succeed to request
10:07:14,INFO,Succeded to find the element book appointment button
10:07:17,INFO,Succeded to click book appointment button
10:07:17,INFO,Looking for the element: accept terms checkbox
10:07:18,INFO,Succeded to find the element accept terms checkbox
10:07:18,INFO,Succeded to click accept terms checkbox
10:07:18,INFO,Succeded to find the element accept terms button
10:07:18,INFO,Succeded to click accept terms button
10:07:18,INFO,Looking for the element: Citizenship
10:07:19,INFO,Looking for the element: Citizenship
10:07:20,INFO,Looking for the element: Citizenship
10:07:21,INFO,Looking for the element: Citizenship
10:07:22,INFO,Succeded to find the element Citizenship
10:07:22,INFO,Succeded to select value: 163
10:07:22,INFO,Succeded to find the element Applications Count
10:07:22,INFO,Succeded to select value: 1
10:07:22,INFO,Succeded to find the element Family member
10:07:22,INFO,Succeded to select value: 2
10:07:22,INFO,Looking for the element: set visa group
10:07:23,INFO,Succeded to find the element set visa group
10:07:24,INFO,Succeded to click set visa group
10:07:24,INFO,Looking for the element: set visa type
10:07:25,INFO,Succeded to find the element set visa type
10:07:25,INFO,Succeded to click set visa type
10:07:25,INFO,Looking for the element: qualifiedSkilled
10:07:26,INFO,Succeded to find the element qualifiedSkilled
10:07:26,INFO,Succeded to click qualifiedSkilled
10:07:26,INFO,Succeded to find the element next button
10:07:26,INFO,waiting for the element:next button to be enabled
10:07:27,INFO,waiting for the element:next button to be enabled
10:07:28,INFO,waiting for the element:next button to be enabled
10:07:29,INFO,waiting for the element:next button to be enabled
10:07:30,INFO,Succeded to click next button
10:07:30,INFO,Page is loading
10:07:31,INFO,Page is loading
10:07:32,INFO,Page is loading
10:07:33,INFO,Page is loading
10:07:34,INFO,Page is loading
