10:04:06,INFO,Main page is succeed to request
10:04:08,INFO,Succeded to find the element book appointment button
10:04:10,INFO,Succeded to click book appointment button
10:04:10,INFO,Looking for the element: accept terms checkbox
10:04:11,INFO,Succeded to find the element accept terms checkbox
10:04:11,INFO,Succeded to click accept terms checkbox
10:04:11,INFO,Succeded to find the element accept terms button
10:04:11,INFO,Succeded to click accept terms button
10:04:11,INFO,Looking for the element: Citizenship
10:04:12,INFO,Looking for the element: Citizenship
10:04:14,INFO,Looking for the element: Citizenship
10:04:15,INFO,Looking for the element: Citizenship
10:04:16,INFO,Looking for the element: Citizenship
10:04:17,INFO,Succeded to find the element Citizenship
10:04:17,INFO,Succeded to select value: 163
10:04:17,INFO,Succeded to find the element Applications Count
10:04:17,INFO,Succeded to select value: 1
10:04:17,INFO,Succeded to find the element Family member
10:04:17,INFO,Succeded to select value: 2
10:04:17,INFO,Looking for the element: set visa group
10:04:18,INFO,Succeded to find the element set visa group
10:04:18,INFO,Succeded to click set visa group
10:04:18,INFO,Looking for the element: set visa type
10:04:19,INFO,Succeded to find the element set visa type
10:04:19,INFO,Succeded to click set visa type
10:04:19,INFO,Looking for the element: qualifiedSkilled
10:04:20,INFO,Succeded to find the element qualifiedSkilled
10:04:20,INFO,Succeded to click qualifiedSkilled
10:04:20,INFO,Succeded to find the element next button
10:04:20,INFO,waiting for the element:next button to be enabled
10:04:21,INFO,waiting for the element:next button to be enabled
10:04:22,INFO,waiting for the element:next button to be enabled
10:04:23,INFO,waiting for the element:next button to be enabled
10:04:24,INFO,Succeded to click next button
10:04:24,INFO,Page is loading
10:04:25,INFO,Page is loading
10:04:26,INFO,Page is loading
10:04:27,INFO,Page is loading
10:04:28,INFO,Page is loading
10:04:29,INFO,Page is loading
10:04:30,INFO,Page is loading
10:04:32,INFO,Page is loading
10:04:34,INFO,Page is loading
10:04:35,INFO,No appointment, starting to process again in 10 seconds ...
10:04:38,INFO,Main page is succeed to request
10:04:39,INFO,Succeded to find the element book appointment button
10:04:42,INFO,Succeded to click book appointment button
10:04:42,INFO,Looking for the element: accept terms checkbox
