10:07:59,INFO,Main page is succeed to request
10:08:00,INFO,Succeded to find the element book appointment button
10:08:03,INFO,Succeded to click book appointment button
10:08:03,INFO,Looking for the element: accept terms checkbox
10:08:04,INFO,Succeded to find the element accept terms checkbox
10:08:04,INFO,Element:accept terms checkbox is not Interactable yet
10:08:05,INFO,Succeded to click accept terms checkbox
10:08:05,INFO,Succeded to find the element accept terms button
10:08:05,INFO,Succeded to click accept terms button
10:08:05,INFO,Looking for the element: Citizenship
10:08:06,INFO,Looking for the element: Citizenship
10:08:07,INFO,Looking for the element: Citizenship
10:08:08,INFO,Looking for the element: Citizenship
10:08:09,INFO,Succeded to find the element Citizenship
10:08:09,INFO,Succeded to select value: 163
10:08:09,INFO,Succeded to find the element Applications Count
10:08:09,INFO,Succeded to select value: 1
10:08:09,INFO,Succeded to find the element Family member
10:08:10,INFO,Succeded to select value: 2
10:08:10,INFO,Looking for the element: set visa group
10:08:11,INFO,Succeded to find the element set visa group
10:08:11,INFO,Succeded to click set visa group
10:08:11,INFO,Looking for the element: set visa type
10:08:12,INFO,Succeded to find the element set visa type
10:08:12,INFO,Succeded to click set visa type
10:08:12,INFO,Looking for the element: qualifiedSkilled
10:08:13,INFO,Succeded to find the element qualifiedSkilled
10:08:13,INFO,Succeded to click qualifiedSkilled
10:08:13,INFO,Succeded to find the element next button
10:08:13,INFO,waiting for the element:next button to be enabled
10:08:14,INFO,waiting for the element:next button to be enabled
10:08:15,INFO,waiting for the element:next button to be enabled
10:08:16,INFO,Succeded to click next button
10:08:16,INFO,Page is loading
10:08:17,INFO,Page is loading
10:08:18,INFO,Page is loading
10:08:19,INFO,Page is loading
10:08:20,INFO,Page is loading
10:08:21,INFO,Page is loading
10:08:22,INFO,Page is loading
10:08:23,INFO,No appointment, starting to process again in 10 seconds ...
10:08:36,INFO,Main page is succeed to request
10:08:37,INFO,Succeded to find the element book appointment button
10:08:39,INFO,Succeded to click book appointment button
10:08:39,INFO,Looking for the element: accept terms checkbox
10:08:40,INFO,Succeded to find the element accept terms checkbox
10:08:40,INFO,Succeded to click accept terms checkbox
10:08:40,INFO,Succeded to find the element accept terms button
10:08:40,INFO,Succeded to click accept terms button
10:08:40,INFO,Looking for the element: Citizenship
10:08:41,INFO,Looking for the element: Citizenship
10:08:42,INFO,Looking for the element: Citizenship
10:08:43,INFO,Looking for the element: Citizenship
10:08:44,INFO,Succeded to find the element Citizenship
10:08:44,INFO,Succeded to select value: 163
10:08:44,INFO,Succeded to find the element Applications Count
10:08:44,INFO,Succeded to select value: 1
10:08:44,INFO,Succeded to find the element Family member
10:08:44,INFO,Succeded to select value: 2
10:08:44,INFO,Looking for the element: set visa group
10:08:45,INFO,Succeded to find the element set visa group
10:08:46,INFO,Succeded to click set visa group
10:08:46,INFO,Looking for the element: set visa type
10:08:47,INFO,Succeded to find the element set visa type
10:08:47,INFO,Succeded to click set visa type
10:08:47,INFO,Looking for the element: qualifiedSkilled
10:08:48,INFO,Succeded to find the element qualifiedSkilled
10:08:48,INFO,Succeded to click qualifiedSkilled
10:08:48,INFO,Succeded to find the element next button
10:08:48,INFO,waiting for the element:next button to be enabled
10:08:49,INFO,waiting for the element:next button to be enabled
10:08:50,INFO,waiting for the element:next button to be enabled
10:08:51,INFO,waiting for the element:next button to be enabled
10:08:52,INFO,Succeded to click next button
10:08:52,INFO,Page is loading
10:08:53,INFO,Page is loading
10:08:54,INFO,Page is loading
10:08:55,INFO,Page is loading
10:08:56,INFO,Page is loading
10:08:57,INFO,Page is loading
10:08:59,INFO,Page is loading
10:09:00,INFO,No appointment, starting to process again in 10 seconds ...
10:09:13,INFO,Main page is succeed to request
10:09:14,INFO,Succeded to find the element book appointment button
10:09:17,INFO,Succeded to click book appointment button
10:09:17,INFO,Looking for the element: accept terms checkbox
10:09:18,INFO,Succeded to find the element accept terms checkbox
10:09:18,INFO,Succeded to click accept terms checkbox
10:09:18,INFO,Succeded to find the element accept terms button
10:09:18,INFO,Succeded to click accept terms button
10:09:18,INFO,Looking for the element: Citizenship
10:09:19,INFO,Looking for the element: Citizenship
10:09:20,INFO,Looking for the element: Citizenship
10:09:21,INFO,Looking for the element: Citizenship
10:09:22,INFO,Looking for the element: Citizenship
10:09:23,INFO,Succeded to find the element Citizenship
10:09:24,INFO,Succeded to select value: 163
10:09:24,INFO,Succeded to find the element Applications Count
10:09:24,INFO,Succeded to select value: 1
10:09:24,INFO,Succeded to find the element Family member
10:09:24,INFO,Succeded to select value: 2
10:09:24,INFO,Looking for the element: set visa group
10:09:25,INFO,Succeded to find the element set visa group
10:09:25,INFO,Succeded to click set visa group
10:09:25,INFO,Looking for the element: set visa type
10:09:26,INFO,Succeded to find the element set visa type
10:09:26,INFO,Succeded to click set visa type
10:09:26,INFO,Looking for the element: qualifiedSkilled
10:09:27,INFO,Succeded to find the element qualifiedSkilled
10:09:27,INFO,Succeded to click qualifiedSkilled
10:09:27,INFO,Succeded to find the element next button
10:09:27,INFO,waiting for the element:next button to be enabled
10:09:28,INFO,waiting for the element:next button to be enabled
10:09:29,INFO,waiting for the element:next button to be enabled
10:09:30,INFO,Succeded to click next button
10:09:30,INFO,Page is loading
10:09:31,INFO,Page is loading
10:09:32,INFO,Page is loading
10:09:33,INFO,Page is loading
10:09:34,INFO,Page is loading
10:09:35,INFO,Page is loading
10:09:36,INFO,Page is loading
10:09:37,INFO,Page is loading
10:09:38,INFO,Page is loading
10:09:39,INFO,Page is loading
10:09:40,INFO,Page is loading
10:09:41,INFO,Page is loading
10:09:42,INFO,Page is loading
10:09:43,INFO,Page is loading
10:09:44,INFO,Page is loading
10:09:45,INFO,Page is loading
10:09:46,INFO,Page is loading
10:09:47,INFO,Page is loading
10:09:48,INFO,Page is loading
10:09:49,INFO,Page is loading
10:09:50,INFO,Page is loading
10:09:51,INFO,Page is loading
10:09:52,INFO,Page is loading
10:09:53,INFO,Page is loading
10:09:55,INFO,Page is loading
10:09:56,INFO,Page is loading
10:09:57,INFO,Page is loading
10:09:57,INFO,Failed to load the page withim limit
