10:03:14,INFO,Main page is succeed to request
10:03:15,INFO,Succeded to find the element book appointment button
10:03:18,INFO,Succeded to click book appointment button
10:03:18,INFO,Looking for the element: accept terms checkbox
10:03:19,INFO,Succeded to find the element accept terms checkbox
10:03:19,INFO,Succeded to click accept terms checkbox
10:03:19,INFO,Succeded to find the element accept terms button
10:03:19,INFO,Succeded to click accept terms button
10:03:20,INFO,Looking for the element: Citizenship
10:03:21,INFO,Looking for the element: Citizenship
10:03:22,INFO,Looking for the element: Citizenship
10:03:23,INFO,Looking for the element: Citizenship
10:03:24,INFO,Looking for the element: Citizenship
10:03:25,INFO,Succeded to find the element Citizenship
10:03:25,INFO,Succeded to select value: 163
10:03:25,INFO,Succeded to find the element Applications Count
10:03:25,INFO,Succeded to select value: 1
10:03:25,INFO,Succeded to find the element Family member
10:03:25,INFO,Succeded to select value: 2
10:03:25,INFO,Looking for the element: set visa group
10:03:26,INFO,Succeded to find the element set visa group
10:03:26,INFO,Succeded to click set visa group
10:03:26,INFO,Looking for the element: set visa type
10:03:27,INFO,Succeded to find the element set visa type
10:03:27,INFO,Succeded to click set visa type
10:03:27,INFO,Looking for the element: qualifiedSkilled
10:03:28,INFO,Succeded to find the element qualifiedSkilled
10:03:28,INFO,Succeded to click qualifiedSkilled
10:03:28,INFO,Succeded to find the element next button
10:03:28,INFO,waiting for the element:next button to be enabled
10:03:29,INFO,waiting for the element:next button to be enabled
10:03:30,INFO,waiting for the element:next button to be enabled
10:03:31,INFO,waiting for the element:next button to be enabled
10:03:32,INFO,Succeded to click next button
10:03:32,INFO,Page is loading
10:03:33,INFO,Page is loading
10:03:34,INFO,Page is loading
10:03:35,INFO,Page is loading
10:03:36,INFO,Page is loading
10:03:37,INFO,Page is loading
10:03:38,INFO,Page is loading
10:03:39,INFO,Page is loading
10:03:40,INFO,Page is loading
10:03:41,INFO,Page is loading
10:03:42,INFO,Page is loading
10:03:43,INFO,Page is loading
10:03:44,INFO,Page is loading
10:03:45,INFO,Page is loading
10:03:46,INFO,Page is loading
10:03:47,INFO,Page is loading
10:03:48,INFO,Page is loading
10:03:50,INFO,Page is loading
10:03:51,INFO,Page is loading
10:03:52,INFO,Page is loading
10:03:53,INFO,Page is loading
10:03:54,INFO,Page is loading
10:03:55,INFO,Page is loading
10:03:56,INFO,Page is loading
10:03:57,INFO,Page is loading
10:03:58,INFO,Page is loading
10:03:59,INFO,Page is loading
10:03:59,INFO,Failed to load the page withim limit
10:04:01,INFO,Main page is succeed to request
10:04:02,INFO,Succeded to find the element book appointment button
